proguard/mapping.txt
org.gaeproxy.AppManager -> org.gaeproxy.AppManager:
    org.gaeproxy.ProxyedApp[] apps -> b
    android.widget.ListView listApps -> c
    org.gaeproxy.AppManager mAppManager -> d
    android.widget.TextView overlay -> e
    android.app.ProgressDialog pd -> f
    android.widget.ListAdapter adapter -> g
    org.gaeproxy.ImageLoader dm -> h
    boolean appsLoaded -> i
    android.os.Handler handler -> a
    org.gaeproxy.ProxyedApp[] getProxyedApps(android.content.Context) -> a
    void onCheckedChanged(android.widget.CompoundButton,boolean) -> onCheckedChanged
    void onClick(android.view.View) -> onClick
    void onCreate(android.os.Bundle) -> onCreate
    void onResume() -> onResume
    void onStop() -> onStop
    void saveAppSettings$faab20d() -> a
    void access$0(org.gaeproxy.AppManager,android.app.ProgressDialog) -> a
    android.widget.ListView access$1(org.gaeproxy.AppManager) -> a
    android.widget.ListAdapter access$2(org.gaeproxy.AppManager) -> b
    org.gaeproxy.ProxyedApp[] access$3(org.gaeproxy.AppManager) -> c
    android.widget.TextView access$4(org.gaeproxy.AppManager) -> d
    android.app.ProgressDialog access$5(org.gaeproxy.AppManager) -> e
    org.gaeproxy.AppManager access$6(org.gaeproxy.AppManager) -> f
    org.gaeproxy.ImageLoader access$7(org.gaeproxy.AppManager) -> g
    void access$8(org.gaeproxy.AppManager,android.widget.ListView) -> a
    boolean access$9(org.gaeproxy.AppManager) -> h
org.gaeproxy.AppManager$1 -> org.gaeproxy.a:
    org.gaeproxy.AppManager this$0 -> a
    void handleMessage(android.os.Message) -> handleMessage
    org.gaeproxy.AppManager access$0(org.gaeproxy.AppManager$1) -> a
org.gaeproxy.AppManager$1$1 -> org.gaeproxy.b:
    boolean visible -> a
    org.gaeproxy.AppManager$1 this$1 -> b
    void onScroll(android.widget.AbsListView,int,int,int) -> onScroll
    void onScrollStateChanged(android.widget.AbsListView,int) -> onScrollStateChanged
org.gaeproxy.AppManager$2 -> org.gaeproxy.c:
    org.gaeproxy.AppManager this$0 -> a
    int compare(java.lang.Object,java.lang.Object) -> compare
org.gaeproxy.AppManager$3 -> org.gaeproxy.d:
    org.gaeproxy.AppManager this$0 -> a
    android.view.LayoutInflater val$inflater -> b
    android.view.View getView(int,android.view.View,android.view.ViewGroup) -> getView
org.gaeproxy.AppManager$4 -> org.gaeproxy.e:
    org.gaeproxy.AppManager this$0 -> a
    void run() -> run
org.gaeproxy.AppManager$ListEntry -> org.gaeproxy.f:
    android.widget.CheckBox box -> a
    android.widget.TextView text -> b
    android.widget.ImageView icon -> c
    void access$1(org.gaeproxy.AppManager$ListEntry,android.widget.ImageView) -> a
    void access$2(org.gaeproxy.AppManager$ListEntry,android.widget.CheckBox) -> a
    void access$3(org.gaeproxy.AppManager$ListEntry,android.widget.TextView) -> a
    android.widget.TextView access$4(org.gaeproxy.AppManager$ListEntry) -> a
    android.widget.CheckBox access$5(org.gaeproxy.AppManager$ListEntry) -> b
    android.widget.ImageView access$6(org.gaeproxy.AppManager$ListEntry) -> c
org.gaeproxy.Base64 -> org.gaeproxy.g:
    byte[] _STANDARD_ALPHABET -> b
    byte[] _STANDARD_DECODABET -> c
    byte[] _URL_SAFE_ALPHABET -> d
    byte[] _URL_SAFE_DECODABET -> e
    byte[] _ORDERED_ALPHABET -> f
    byte[] _ORDERED_DECODABET -> g
    boolean $assertionsDisabled -> a
    byte[] decode$3bcfdf96$7dcc7401(byte[],int) -> a
    byte[] decode(java.lang.String) -> a
    byte[] decode$44bd1c79(java.lang.String) -> b
    int decode4to3$5c8eef61(byte[],byte[],int,int) -> b
    byte[] encode3to4(byte[],int,int,byte[],int,int) -> a
    java.lang.String encodeBytes(byte[]) -> a
    java.lang.String encodeBytes$5fb0bea7(byte[],int) -> b
    byte[] encodeBytesToBytes(byte[]) -> b
    byte[] encodeBytesToBytes$3bcfdf96(byte[],int) -> c
    byte[] getDecodabet(int) -> a
    int access$2$5c8eef61(byte[],byte[],int) -> a
    byte[] access$3(byte[],byte[],int,int) -> a
...
com.google.ads.z -> com.google.ads.aq:
    void a(android.webkit.WebView,boolean) -> a
com.google.ads.z$a -> com.google.ads.ar:
    java.lang.ref.WeakReference a -> a
    void run() -> run
com.google.ads.z$b -> com.google.ads.as:
    java.lang.ref.WeakReference a -> a
    android.webkit.WebView b -> b
    java.lang.String c -> c
    void run() -> run
com.google.ads.z$c -> com.google.ads.at:
    boolean a -> a
    android.webkit.WebView b -> b
    void run() -> run
com.google.android.apps.analytics.AnalyticsParameterEncoder -> com.google.android.apps.analytics.a:
    java.lang.String encode(java.lang.String,java.lang.String) -> a
com.google.android.apps.analytics.AnalyticsReceiver -> com.google.android.apps.analytics.AnalyticsReceiver:
    void onReceive(android.content.Context,android.content.Intent) -> onReceive
com.google.android.apps.analytics.CustomVariable -> com.google.android.apps.analytics.b:
    int scope -> a
    java.lang.String name -> b
    java.lang.String value -> c
    int index -> d
    int getScope() -> a
    java.lang.String getName() -> b
    java.lang.String getValue() -> c
    int getIndex() -> d
com.google.android.apps.analytics.CustomVariableBuffer -> com.google.android.apps.analytics.c:
    com.google.android.apps.analytics.CustomVariable[] customVariables -> a
    boolean isIndexAvailable(int) -> a
    void setCustomVariable(com.google.android.apps.analytics.CustomVariable) -> a
    com.google.android.apps.analytics.CustomVariable getCustomVariableAt(int) -> b
    com.google.android.apps.analytics.CustomVariable[] getCustomVariableArray() -> a
    void throwOnInvalidIndex(int) -> c
    boolean hasCustomVariables() -> b
com.google.android.apps.analytics.Dispatcher -> com.google.android.apps.analytics.d:
    void dispatchHits(com.google.android.apps.analytics.Hit[]) -> a
    void init(com.google.android.apps.analytics.Dispatcher$Callbacks) -> a
    void stop() -> a
    void setDryRun(boolean) -> a
com.google.android.apps.analytics.Dispatcher$Callbacks -> com.google.android.apps.analytics.e:
    void hitDispatched(long) -> a
    void dispatchFinished() -> a
com.google.android.apps.analytics.Event -> com.google.android.apps.analytics.f:
    long eventId -> a
    java.lang.String accountId -> b
    int randomVal -> j
    int timestampFirst -> k
    int timestampPrevious -> l
    int timestampCurrent -> m
    int visits -> n
    int userId -> o
    boolean anonymizeIp -> p
    java.lang.String category -> c
    java.lang.String action -> d
    java.lang.String label -> e
    int value -> f
    int screenWidth -> g
    int screenHeight -> h
    com.google.android.apps.analytics.CustomVariableBuffer customVariableBuffer -> i
    com.google.android.apps.analytics.Transaction transaction -> q
    com.google.android.apps.analytics.Item item -> r
    void setRandomVal(int) -> a
    int getRandomVal() -> a
    void setTimestampFirst(int) -> b
    int getTimestampFirst() -> b
    void setTimestampPrevious(int) -> c
    int getTimestampPrevious() -> c
    void setTimestampCurrent(int) -> d
    int getTimestampCurrent() -> d
    void setVisits(int) -> e
    int getVisits() -> e
    void setUserId(int) -> f
    int getUserId() -> f
    void setAnonymizeIp(boolean) -> a
    boolean getAnonymizeIp() -> g
    java.lang.String toString() -> toString
    com.google.android.apps.analytics.Transaction getTransaction() -> h
    void setTransaction(com.google.android.apps.analytics.Transaction) -> a
    com.google.android.apps.analytics.Item getItem() -> i