proguard/usage.txt
org.gaeproxy.APNManager
org.gaeproxy.APNManager$ApnInfo
org.gaeproxy.AppManager:
    private static final int MSG_LOAD_START
    private static final int MSG_LOAD_FINISH
    public static final java.lang.String PREFS_KEY_PROXYED
org.gaeproxy.Base64:
    public static final int NO_OPTIONS
    public static final int ENCODE
    public static final int DECODE
    public static final int GZIP
    public static final int DONT_GUNZIP
    public static final int DO_BREAK_LINES
    public static final int URL_SAFE
    public static final int ORDERED
    private static final int MAX_LINE_LENGTH
    private static final byte EQUALS_SIGN
    private static final byte NEW_LINE
    private static final java.lang.String PREFERRED_ENCODING
    private static final byte WHITE_SPACE_ENC
    private static final byte EQUALS_SIGN_ENC
    906:914:public static byte[] decode(byte[])
    1234:1250:public static void decodeFileToFile(java.lang.String,java.lang.String)
    1272:1313:public static byte[] decodeFromFile(java.lang.String)
    1337:1353:public static void decodeToFile(java.lang.String,java.lang.String)
    1373:1373:public static java.lang.Object decodeToObject(java.lang.String)
    1402:1454:public static java.lang.Object decodeToObject(java.lang.String,int,java.lang.ClassLoader)
    1471:1480:public static void encode(java.nio.ByteBuffer,java.nio.ByteBuffer)
    1496:1507:public static void encode(java.nio.ByteBuffer,java.nio.CharBuffer)
    1676:1676:public static java.lang.String encodeBytes(byte[],int)
    1707:1714:public static java.lang.String encodeBytes(byte[],int,int)
    1961:1977:public static void encodeFileToFile(java.lang.String,java.lang.String)
org.gaeproxy.Base64$1
org.gaeproxy.Base64$InputStream
org.gaeproxy.Base64$OutputStream:
    503:504:public void resumeEncoding()
    515:517:public void suspendEncoding()
org.gaeproxy.DNSServer:
    private static final int MAX_THREAD_NUM
    private static final java.lang.String CANT_RESOLVE
    437:437:public boolean isClosed()
    441:441:public boolean isInService()
    856:856:public void setProxyHost(java.lang.String)
    859:860:public void setTarget(java.lang.String)
    869:895:private java.lang.String shake(java.lang.String)
    899:903:public boolean test(java.lang.String,java.lang.String)
org.gaeproxy.DnsResponse:
    private static final long serialVersionUID
    75:94:public java.lang.String getIPString()
    101:101:public int getReqTimes()
org.gaeproxy.DomainValidator:
    private static final java.lang.String DOMAIN_LABEL_REGEX
    private static final java.lang.String TOP_LABEL_REGEX
    private static final java.lang.String DOMAIN_NAME_REGEX
org.gaeproxy.GAEProxy:
    private static final java.lang.String TAG
    public static final java.lang.String PREFS_NAME
    private static final int MSG_INSTALL_START
    private static final int MSG_INSTALL_SUCCESS
    private static final int MSG_INSTALL_FAIL
    private static final int MSG_CRASH_RECOVER
    private static final int MSG_INITIAL_FINISH
    350:360:private boolean checkApkExist(java.lang.String)
org.gaeproxy.GAEProxyReceiver:
    private static final java.lang.String TAG
org.gaeproxy.GAEProxyService:
    public static final java.lang.String BASE
    private static final int MSG_CONNECT_START
    private static final int MSG_CONNECT_FINISH
    private static final int MSG_CONNECT_SUCCESS
    private static final int MSG_CONNECT_FAIL
    private static final int MSG_HOST_CHANGE
    private static final int MSG_STOP_SELF
    static final java.lang.String CMD_IPTABLES_RETURN
    static final java.lang.String CMD_IPTABLES_REDIRECT_ADD_HTTP
    static final java.lang.String CMD_IPTABLES_REDIRECT_ADD_HTTPS
    static final java.lang.String CMD_IPTABLES_DNAT_ADD_HTTP
    static final java.lang.String CMD_IPTABLES_DNAT_ADD_HTTPS
    private static final java.lang.String TAG
...
com.github.droidfu.http.HttpPost
com.github.droidfu.http.HttpPut
com.github.droidfu.http.ssl.EasySSLSocketFactory
com.github.droidfu.http.ssl.TrivialTrustManager
com.google.ads.Ad:
    public abstract boolean isReady()
    public abstract void loadAd(com.google.ads.AdRequest)
    public abstract void setAdListener(com.google.ads.AdListener)
    public abstract void stopLoading()
com.google.ads.AdActivity:
    public static final java.lang.String BASE_URL_PARAM
    public static final java.lang.String HTML_PARAM
    public static final java.lang.String URL_PARAM
    public static final java.lang.String INTENT_ACTION_PARAM
    public static final java.lang.String TYPE_PARAM
    public static final java.lang.String ORIENTATION_PARAM
com.google.ads.AdRequest:
    public static final java.lang.String VERSION
    public static final java.lang.String LOGTAG
    173:174:public void setGender(com.google.ads.AdRequest$Gender)
    184:185:public void setBirthday(java.lang.String)
    196:197:public void setPlusOneOptOut(boolean)
    208:209:public void setKeywords(java.util.Set)
    238:239:public void setExtras(java.util.Map)
    267:268:public void setLocation(android.location.Location)
    281:282:public void setTesting(boolean)
    385:386:public void setTestDevices(java.util.Set)
com.google.ads.AdSize:
    38:39:public AdSize(int,int)
com.google.ads.AdView:
    478:482:public boolean isReady()
    523:524:public void setAdListener(com.google.ads.AdListener)
    535:536:public void stopLoading()
com.google.ads.InterstitialAd:
    private com.google.ads.d a
    73:74:public InterstitialAd(android.app.Activity,java.lang.String)
    88:91:public InterstitialAd(android.app.Activity,java.lang.String,boolean)
    100:100:public boolean isReady()
    112:113:public void loadAd(com.google.ads.AdRequest)
    122:135:public void show()
    146:147:public void setAdListener(com.google.ads.AdListener)
    156:157:public void stopLoading()
com.google.ads.R
com.google.ads.R$attr
com.google.ads.R$id
com.google.ads.R$layout
com.google.ads.d:
    464:464:public final synchronized boolean o()
    777:778:public final synchronized void y()
com.google.ads.searchads.SearchAdRequest:
    88:89:public void setQuery(java.lang.String)
    98:104:public void setBackgroundColor(int)
    116:122:public void setBackgroundGradient(int,int)
    132:133:public void setHeaderTextColor(int)
    143:144:public void setDescriptionTextColor(int)
    154:155:public void setAnchorTextColor(int)
    163:164:public void setFontFace(java.lang.String)
    173:174:public void setHeaderTextSize(int)
    184:185:public void setBorderColor(int)
    192:193:public void setBorderType(com.google.ads.searchads.SearchAdRequest$BorderType)
    202:203:public void setBorderThickness(int)
com.google.android.apps.analytics.AnalyticsReceiver:
    static final java.lang.String INSTALL_ACTION
    static final java.lang.String REFERRER_KEY
com.google.android.apps.analytics.CustomVariable:
    public static final int MAX_CUSTOM_VARIABLES
    public static final java.lang.String INDEX_ERROR_MSG
    public static final int VISITOR_SCOPE
    public static final int SESSION_SCOPE
    public static final int PAGE_SCOPE
    public static final int MAX_CUSTOM_VARIABLE_LENGTH
    public CustomVariable(int,java.lang.String,java.lang.String)
com.google.android.apps.analytics.Dispatcher:
    public abstract boolean isDryRun()
com.google.android.apps.analytics.Event:
    static final java.lang.String PAGEVIEW_EVENT_CATEGORY
    static final java.lang.String INSTALL_EVENT_CATEGORY
    static final java.lang.String TRANSACTION_CATEGORY
    static final java.lang.String ITEM_CATEGORY